<?xml version="1.0" encoding="UTF-8"?>
<testsuite name="com.businessLogic.TreeTest" tests="2" skipped="0" failures="0" errors="0" timestamp="2019-09-17T00:38:41" hostname="CO-IT004262" time="0.001">
  <properties/>
  <testcase name="shouldInsertARightNodeInTheTree" classname="com.businessLogic.TreeTest" time="0.0"/>
  <testcase name="shouldInsertALeftNodeInTheTree" classname="com.businessLogic.TreeTest" time="0.001"/>
  <system-out><![CDATA[]]></system-out>
  <system-err><![CDATA[]]></system-err>
</testsuite>
