<?xml version="1.0" encoding="UTF-8"?>
<testsuite name="com.businessLogic.BinaryTreeOperationsTest" tests="2" skipped="0" failures="0" errors="0" timestamp="2019-09-17T00:38:41" hostname="CO-IT004262" time="0.177">
  <properties/>
  <testcase name="shouldGenerateLowestCommonAncestor" classname="com.businessLogic.BinaryTreeOperationsTest" time="0.177"/>
  <testcase name="shouldCreateBinaryTree" classname="com.businessLogic.BinaryTreeOperationsTest" time="0.0"/>
  <system-out><![CDATA[]]></system-out>
  <system-err><![CDATA[]]></system-err>
</testsuite>
