<?xml version="1.0" encoding="UTF-8"?>
<testsuite name="com.businessLogic.NodeTest" tests="3" skipped="0" failures="0" errors="0" timestamp="2019-09-17T00:38:41" hostname="CO-IT004262" time="0.002">
  <properties/>
  <testcase name="shouldCountNewNodesGenerated" classname="com.businessLogic.NodeTest" time="0.001"/>
  <testcase name="shouldCountSheetsGenerated" classname="com.businessLogic.NodeTest" time="0.0"/>
  <testcase name="shouldGenerateNewTreeBranch" classname="com.businessLogic.NodeTest" time="0.0"/>
  <system-out><![CDATA[]]></system-out>
  <system-err><![CDATA[]]></system-err>
</testsuite>
